<?xml version="1.0" encoding="UTF-8"?>
<!-- Generated by org.testng.reporters.JUnitXMLReporter -->
<testsuite ignored="0" hostname="GauravAhuja" failures="1" tests="1" name="Default test" time="12.551" errors="0" timestamp="2023-06-20T08:30:28 IST">
  <testcase classname="io.cucumber.testng.AbstractTestNGCucumberTests" name="runScenario" time="3.65">
    <failure type="java.lang.NullPointerException" message="Cannot invoke &amp;quot;org.openqa.selenium.JavascriptExecutor.executeScript(String, Object[])&amp;quot; because &amp;quot;js&amp;quot; is null">
      <![CDATA[java.lang.NullPointerException: Cannot invoke "org.openqa.selenium.JavascriptExecutor.executeScript(String, Object[])" because "js" is null
at StepDefinitionPackage.StepLandingPage.user_should_be_on_mah_landing_page(StepLandingPage.java:21)
at ✽.User should be on MAH landing page(file:///C:/Users/gaurav/eclipse-workspace/MahcucumberArtifact/src/test/java/FeaturePackage/MahLandingPage.feature:5)
]]>
    </failure>
  </testcase> <!-- runScenario -->
</testsuite> <!-- Default test -->
