<?xml version="1.0" encoding="UTF-8"?>
<testng-results ignored="0" total="1" passed="1" failed="0" skipped="0">
  <reporter-output>
  </reporter-output>
  <suite started-at="2023-06-25T22:41:22 IST" name="Suite" finished-at="2023-06-25T22:42:17 IST" duration-ms="54763">
    <groups>
      <group name="cucumber">
        <method signature="AbstractTestNGCucumberTests.runScenario(io.cucumber.testng.PickleWrapper, io.cucumber.testng.FeatureWrapper)[pri:0, instance:RunnerPackage.Runnerclass@3b07a0d6]" name="runScenario" class="io.cucumber.testng.AbstractTestNGCucumberTests"/>
      </group> <!-- cucumber -->
    </groups>
    <test started-at="2023-06-25T22:41:22 IST" name="Test" finished-at="2023-06-25T22:42:17 IST" duration-ms="54763">
      <class name="RunnerPackage.Runnerclass">
        <test-method is-config="true" signature="setUpClass(org.testng.ITestContext)[pri:0, instance:RunnerPackage.Runnerclass@3b07a0d6]" started-at="2023-06-25T22:41:22 IST" name="setUpClass" finished-at="2023-06-25T22:41:25 IST" duration-ms="3467" status="PASS">
          <params>
            <param index="0">
              <value>
                <![CDATA[org.testng.TestRunner@40ed1802]]>
              </value>
            </param>
          </params>
          <reporter-output>
          </reporter-output>
        </test-method> <!-- setUpClass -->
        <test-method signature="runScenario(io.cucumber.testng.PickleWrapper, io.cucumber.testng.FeatureWrapper)[pri:0, instance:RunnerPackage.Runnerclass@3b07a0d6]" started-at="2023-06-25T22:41:25 IST" name="runScenario" description="Runs Cucumber Scenarios" data-provider="scenarios" finished-at="2023-06-25T22:42:09 IST" duration-ms="43855" status="PASS">
          <params>
            <param index="0">
              <value>
                <![CDATA["Test login with DataTable"]]>
              </value>
            </param>
            <param index="1">
              <value>
                <![CDATA["SignUp and Login Functionality"]]>
              </value>
            </param>
          </params>
          <reporter-output>
          </reporter-output>
        </test-method> <!-- runScenario -->
        <test-method is-config="true" signature="tearDownClass()[pri:0, instance:RunnerPackage.Runnerclass@3b07a0d6]" started-at="2023-06-25T22:42:09 IST" name="tearDownClass" finished-at="2023-06-25T22:42:17 IST" duration-ms="7209" status="PASS">
          <reporter-output>
          </reporter-output>
        </test-method> <!-- tearDownClass -->
      </class> <!-- RunnerPackage.Runnerclass -->
    </test> <!-- Test -->
  </suite> <!-- Suite -->
</testng-results>
