<?xml version="1.0" encoding="UTF-8"?>
<testng-results ignored="0" total="3" passed="3" failed="0" skipped="0">
  <reporter-output>
  </reporter-output>
  <suite started-at="2023-06-25T17:51:09 IST" name="Suite" finished-at="2023-06-25T17:53:07 IST" duration-ms="117770">
    <groups>
      <group name="cucumber">
        <method signature="AbstractTestNGCucumberTests.runScenario(io.cucumber.testng.PickleWrapper, io.cucumber.testng.FeatureWrapper)[pri:0, instance:RunnerPackage.Runnerclass@3a6bb9bf]" name="runScenario" class="io.cucumber.testng.AbstractTestNGCucumberTests"/>
      </group> <!-- cucumber -->
    </groups>
    <test started-at="2023-06-25T17:51:09 IST" name="Test" finished-at="2023-06-25T17:53:07 IST" duration-ms="117770">
      <class name="RunnerPackage.Runnerclass">
        <test-method is-config="true" signature="setUpClass(org.testng.ITestContext)[pri:0, instance:RunnerPackage.Runnerclass@3a6bb9bf]" started-at="2023-06-25T17:51:09 IST" name="setUpClass" finished-at="2023-06-25T17:51:12 IST" duration-ms="2678" status="PASS">
          <params>
            <param index="0">
              <value>
                <![CDATA[org.testng.TestRunner@6b70d1fb]]>
              </value>
            </param>
          </params>
          <reporter-output>
          </reporter-output>
        </test-method> <!-- setUpClass -->
        <test-method signature="runScenario(io.cucumber.testng.PickleWrapper, io.cucumber.testng.FeatureWrapper)[pri:0, instance:RunnerPackage.Runnerclass@3a6bb9bf]" started-at="2023-06-25T17:51:12 IST" name="runScenario" description="Runs Cucumber Scenarios" data-provider="scenarios" finished-at="2023-06-25T17:51:43 IST" duration-ms="30984" status="PASS">
          <params>
            <param index="0">
              <value>
                <![CDATA["Test login with DataScenarios"]]>
              </value>
            </param>
            <param index="1">
              <value>
                <![CDATA["SignUp and Login Functionality"]]>
              </value>
            </param>
          </params>
          <reporter-output>
          </reporter-output>
        </test-method> <!-- runScenario -->
        <test-method signature="runScenario(io.cucumber.testng.PickleWrapper, io.cucumber.testng.FeatureWrapper)[pri:0, instance:RunnerPackage.Runnerclass@3a6bb9bf]" started-at="2023-06-25T17:51:43 IST" name="runScenario" description="Runs Cucumber Scenarios" data-provider="scenarios" finished-at="2023-06-25T17:52:21 IST" duration-ms="37870" status="PASS">
          <params>
            <param index="0">
              <value>
                <![CDATA["Test login with DataScenarios"]]>
              </value>
            </param>
            <param index="1">
              <value>
                <![CDATA["SignUp and Login Functionality"]]>
              </value>
            </param>
          </params>
          <reporter-output>
          </reporter-output>
        </test-method> <!-- runScenario -->
        <test-method signature="runScenario(io.cucumber.testng.PickleWrapper, io.cucumber.testng.FeatureWrapper)[pri:0, instance:RunnerPackage.Runnerclass@3a6bb9bf]" started-at="2023-06-25T17:52:21 IST" name="runScenario" description="Runs Cucumber Scenarios" data-provider="scenarios" finished-at="2023-06-25T17:52:59 IST" duration-ms="37826" status="PASS">
          <params>
            <param index="0">
              <value>
                <![CDATA["Test login with DataTable"]]>
              </value>
            </param>
            <param index="1">
              <value>
                <![CDATA["SignUp and Login Functionality"]]>
              </value>
            </param>
          </params>
          <reporter-output>
          </reporter-output>
        </test-method> <!-- runScenario -->
        <test-method is-config="true" signature="tearDownClass()[pri:0, instance:RunnerPackage.Runnerclass@3a6bb9bf]" started-at="2023-06-25T17:52:59 IST" name="tearDownClass" finished-at="2023-06-25T17:53:07 IST" duration-ms="8233" status="PASS">
          <reporter-output>
          </reporter-output>
        </test-method> <!-- tearDownClass -->
      </class> <!-- RunnerPackage.Runnerclass -->
    </test> <!-- Test -->
  </suite> <!-- Suite -->
</testng-results>
