<?xml version="1.0" encoding="UTF-8"?>
<testng-results ignored="0" total="1" passed="1" failed="0" skipped="0">
  <reporter-output>
  </reporter-output>
  <suite started-at="2023-06-21T07:55:11 IST" name="Suite" finished-at="2023-06-21T07:55:49 IST" duration-ms="37966">
    <groups>
      <group name="cucumber">
        <method signature="AbstractTestNGCucumberTests.runScenario(io.cucumber.testng.PickleWrapper, io.cucumber.testng.FeatureWrapper)[pri:0, instance:RunnerPackage.Runnerclass@3a6bb9bf]" name="runScenario" class="io.cucumber.testng.AbstractTestNGCucumberTests"/>
      </group> <!-- cucumber -->
    </groups>
    <test started-at="2023-06-21T07:55:11 IST" name="Test" finished-at="2023-06-21T07:55:49 IST" duration-ms="37966">
      <class name="RunnerPackage.Runnerclass">
        <test-method is-config="true" signature="setUpClass(org.testng.ITestContext)[pri:0, instance:RunnerPackage.Runnerclass@3a6bb9bf]" started-at="2023-06-21T07:55:11 IST" name="setUpClass" finished-at="2023-06-21T07:55:13 IST" duration-ms="2195" status="PASS">
          <params>
            <param index="0">
              <value>
                <![CDATA[org.testng.TestRunner@195580ba]]>
              </value>
            </param>
          </params>
          <reporter-output>
          </reporter-output>
        </test-method> <!-- setUpClass -->
        <test-method signature="runScenario(io.cucumber.testng.PickleWrapper, io.cucumber.testng.FeatureWrapper)[pri:0, instance:RunnerPackage.Runnerclass@3a6bb9bf]" started-at="2023-06-21T07:55:13 IST" name="runScenario" description="Runs Cucumber Scenarios" data-provider="scenarios" finished-at="2023-06-21T07:55:46 IST" duration-ms="32937" status="PASS">
          <params>
            <param index="0">
              <value>
                <![CDATA["User should be able to place an order with valid details"]]>
              </value>
            </param>
            <param index="1">
              <value>
                <![CDATA["MAH order form functionality"]]>
              </value>
            </param>
          </params>
          <reporter-output>
          </reporter-output>
        </test-method> <!-- runScenario -->
        <test-method is-config="true" signature="tearDownClass()[pri:0, instance:RunnerPackage.Runnerclass@3a6bb9bf]" started-at="2023-06-21T07:55:46 IST" name="tearDownClass" finished-at="2023-06-21T07:55:49 IST" duration-ms="2680" status="PASS">
          <reporter-output>
          </reporter-output>
        </test-method> <!-- tearDownClass -->
      </class> <!-- RunnerPackage.Runnerclass -->
    </test> <!-- Test -->
  </suite> <!-- Suite -->
</testng-results>
